<?xml version="1.0" encoding="UTF-8"?>
<testng-results skipped="0" failed="0" ignored="0" total="1" passed="1">
  <reporter-output>
  </reporter-output>
  <suite name="com.juso.ba.UnitTest_HelloWorld.AppTest" duration-ms="7576" started-at="2019-07-04T07:18:46Z" finished-at="2019-07-04T07:18:54Z">
    <groups>
    </groups>
    <test name="Command line test" duration-ms="7576" started-at="2019-07-04T07:18:46Z" finished-at="2019-07-04T07:18:54Z">
      <class name="com.juso.ba.UnitTest_HelloWorld.AppTest">
        <test-method status="PASS" signature="setUp()[pri:0, instance:com.juso.ba.UnitTest_HelloWorld.AppTest@13c78c0b]" name="setUp" is-config="true" duration-ms="17" started-at="2019-07-04T07:18:46Z" finished-at="2019-07-04T07:18:46Z">
          <reporter-output>
          </reporter-output>
        </test-method> <!-- setUp -->
        <test-method status="PASS" signature="unitTest()[pri:0, instance:com.juso.ba.UnitTest_HelloWorld.AppTest@13c78c0b]" name="unitTest" duration-ms="7507" started-at="2019-07-04T07:18:46Z" finished-at="2019-07-04T07:18:54Z">
          <reporter-output>
          </reporter-output>
        </test-method> <!-- unitTest -->
      </class> <!-- com.juso.ba.UnitTest_HelloWorld.AppTest -->
    </test> <!-- Command line test -->
  </suite> <!-- com.juso.ba.UnitTest_HelloWorld.AppTest -->
</testng-results>
